<?xml version="1.0" encoding="UTF-8"?>
<testng-results ignored="0" total="1" passed="1" failed="0" skipped="0">
  <reporter-output>
  </reporter-output>
  <suite started-at="2026-02-01T22:35:53 IST" name="Default suite" finished-at="2026-02-01T22:35:55 IST" duration-ms="2524">
    <groups>
      <group name="negative">
        <method signature="ProductNegativeFlowTest.gettingInvalidProductShouldFail()[pri:0, instance:tests.product.ProductNegativeFlowTest@175c2241]" name="gettingInvalidProductShouldFail" class="tests.product.ProductNegativeFlowTest"/>
      </group> <!-- negative -->
      <group name="product">
        <method signature="ProductNegativeFlowTest.gettingInvalidProductShouldFail()[pri:0, instance:tests.product.ProductNegativeFlowTest@175c2241]" name="gettingInvalidProductShouldFail" class="tests.product.ProductNegativeFlowTest"/>
      </group> <!-- product -->
      <group name="sanity">
        <method signature="ProductNegativeFlowTest.gettingInvalidProductShouldFail()[pri:0, instance:tests.product.ProductNegativeFlowTest@175c2241]" name="gettingInvalidProductShouldFail" class="tests.product.ProductNegativeFlowTest"/>
      </group> <!-- sanity -->
    </groups>
    <test started-at="2026-02-01T22:35:53 IST" name="Default test" finished-at="2026-02-01T22:35:55 IST" duration-ms="2524">
      <class name="tests.product.ProductNegativeFlowTest">
        <test-method is-config="true" signature="setup()[pri:0, instance:tests.product.ProductNegativeFlowTest@175c2241]" started-at="2026-02-01T22:35:52 IST" name="setup" finished-at="2026-02-01T22:35:53 IST" duration-ms="212" status="PASS">
          <reporter-output>
          </reporter-output>
        </test-method> <!-- setup -->
        <test-method signature="gettingInvalidProductShouldFail()[pri:0, instance:tests.product.ProductNegativeFlowTest@175c2241]" started-at="2026-02-01T22:35:53 IST" name="gettingInvalidProductShouldFail" finished-at="2026-02-01T22:35:55 IST" duration-ms="2509" status="PASS">
          <reporter-output>
          </reporter-output>
        </test-method> <!-- gettingInvalidProductShouldFail -->
      </class> <!-- tests.product.ProductNegativeFlowTest -->
    </test> <!-- Default test -->
  </suite> <!-- Default suite -->
</testng-results>
