<?xml version="1.0" encoding="UTF-8"?>
<testng-results ignored="0" total="1" passed="1" failed="0" skipped="0">
  <reporter-output>
  </reporter-output>
  <suite started-at="2026-01-31T17:10:38 IST" name="Default suite" finished-at="2026-01-31T17:10:41 IST" duration-ms="2409">
    <groups>
    </groups>
    <test started-at="2026-01-31T17:10:38 IST" name="Default test" finished-at="2026-01-31T17:10:41 IST" duration-ms="2409">
      <class name="tests.product.GetProductAuthTest">
        <test-method is-config="true" signature="setup()[pri:0, instance:tests.product.GetProductAuthTest@45752059]" started-at="2026-01-31T17:10:38 IST" name="setup" finished-at="2026-01-31T17:10:39 IST" duration-ms="192" status="PASS">
          <reporter-output>
          </reporter-output>
        </test-method> <!-- setup -->
        <test-method signature="getProductWithAuth()[pri:0, instance:tests.product.GetProductAuthTest@45752059]" started-at="2026-01-31T17:10:39 IST" name="getProductWithAuth" finished-at="2026-01-31T17:10:41 IST" duration-ms="2199" status="PASS">
          <reporter-output>
          </reporter-output>
        </test-method> <!-- getProductWithAuth -->
      </class> <!-- tests.product.GetProductAuthTest -->
    </test> <!-- Default test -->
  </suite> <!-- Default suite -->
</testng-results>
