<?xml version="1.0" encoding="UTF-8"?>
<!-- Generated by org.testng.reporters.JUnitReportReporter -->
<testsuite hostname="RISHANKs-MacBook-Air.local" failures="0" tests="2" name="tests.auth.AuthSmokeTest" time="3.020" errors="0" timestamp="2026-02-01T16:25:58 IST" skipped="0">
  <testcase classname="tests.auth.AuthSmokeTest" name="getProfile_shouldReturn200" time="1.672"/>
  <testcase classname="tests.auth.AuthSmokeTest" name="accessProfileWithoutTokenShouldFail" time="1.348"/>
</testsuite> <!-- tests.auth.AuthSmokeTest -->
